e:\utem\programming stuffs\visual studio\code\snackonsnail\x64\debug\vc143.pdb
e:\utem\programming stuffs\visual studio\code\snackonsnail\x64\debug\vc143.idb
e:\utem\programming stuffs\visual studio\code\snackonsnail\x64\debug\just in case.obj
e:\utem\programming stuffs\visual studio\code\snackonsnail\x64\debug\test.obj
e:\utem\programming stuffs\visual studio\code\snackonsnail\x64\debug\snack_on_snail.obj
e:\utem\programming stuffs\visual studio\code\snackonsnail\x64\debug\snack_on_snail.nativecodeanalysis.sarif
e:\utem\programming stuffs\visual studio\code\snackonsnail\x64\debug\snack_on_snail.nativecodeanalysis.xml
e:\utem\programming stuffs\visual studio\code\snackonsnail\x64\debug\snackonsnail.exe
e:\utem\programming stuffs\visual studio\code\snackonsnail\x64\debug\snackonsnail.ilk
e:\utem\programming stuffs\visual studio\code\snackonsnail\x64\debug\snackonsnail.pdb
e:\utem\programming stuffs\visual studio\code\snackonsnail\x64\debug\vcpkg.applocal.log
e:\utem\programming stuffs\visual studio\code\snackonsnail\x64\debug\nativecodeanalysis.read.1.tlog
e:\utem\programming stuffs\visual studio\code\snackonsnail\x64\debug\just in case.nativecodeanalysis.xml
e:\utem\programming stuffs\visual studio\code\snackonsnail\x64\debug\test.nativecodeanalysis.xml
e:\utem\programming stuffs\visual studio\code\snackonsnail\x64\debug\vc.nativecodeanalysis.all.xml
e:\utem\programming stuffs\visual studio\code\snackonsnail\x64\debug\snackonsnail.exe.lastcodeanalysissucceeded
e:\utem\programming stuffs\visual studio\code\snackonsnail\x64\debug\snackonsnail.tlog\cl.command.1.tlog
e:\utem\programming stuffs\visual studio\code\snackonsnail\x64\debug\snackonsnail.tlog\cl.items.tlog
e:\utem\programming stuffs\visual studio\code\snackonsnail\x64\debug\snackonsnail.tlog\cl.read.1.tlog
e:\utem\programming stuffs\visual studio\code\snackonsnail\x64\debug\snackonsnail.tlog\cl.write.1.tlog
e:\utem\programming stuffs\visual studio\code\snackonsnail\x64\debug\snackonsnail.tlog\link.command.1.tlog
e:\utem\programming stuffs\visual studio\code\snackonsnail\x64\debug\snackonsnail.tlog\link.read.1.tlog
e:\utem\programming stuffs\visual studio\code\snackonsnail\x64\debug\snackonsnail.tlog\link.write.1.tlog
e:\utem\programming stuffs\visual studio\code\snackonsnail\x64\debug\snackonsnail.tlog\snackonsnail.write.1u.tlog
